<?xml version="1.0" encoding="UTF-8"?>
<testng-results ignored="1" total="3" passed="1" failed="1" skipped="0">
  <reporter-output>
  </reporter-output>
  <suite started-at="2023-08-04T14:01:04 IST" name="Suite" finished-at="2023-08-04T14:01:33 IST" duration-ms="28939">
    <groups>
    </groups>
    <test started-at="2023-08-04T14:01:04 IST" name="Test" finished-at="2023-08-04T14:01:33 IST" duration-ms="28939">
      <class name="com.abhi.OrangeHRMTest.ClearTripTest">
        <test-method signature="initTest()[pri:1, instance:com.abhi.OrangeHRMTest.ClearTripTest@60410cd]" started-at="2023-08-04T14:01:04 IST" name="initTest" finished-at="2023-08-04T14:01:31 IST" duration-ms="27158" status="PASS">
          <reporter-output>
          </reporter-output>
        </test-method> <!-- initTest -->
        <test-method signature="SelectCityDropDown(java.lang.String,java.lang.String)[pri:2, instance:com.abhi.OrangeHRMTest.ClearTripTest@60410cd]" started-at="2023-08-04T14:01:31 IST" name="SelectCityDropDown" finished-at="2023-08-04T14:01:33 IST" duration-ms="1458" status="FAIL">
          <params>
            <param index="0">
              <value>
                <![CDATA[Nag]]>
              </value>
            </param>
            <param index="1">
              <value>
                <![CDATA[Pun]]>
              </value>
            </param>
          </params>
          <exception class="java.lang.AssertionError">
            <message>
              <![CDATA[expected [Yonaguni Jima, JP - Yonaguni (OGN)] but found [Naur]]]>
            </message>
            <full-stacktrace>
              <![CDATA[java.lang.AssertionError: expected [Yonaguni Jima, JP - Yonaguni (OGN)] but found [Naur]
at org.testng.Assert.fail(Assert.java:99)
at org.testng.Assert.failNotEquals(Assert.java:1037)
at org.testng.Assert.assertEqualsImpl(Assert.java:140)
at org.testng.Assert.assertEquals(Assert.java:122)
at org.testng.Assert.assertEquals(Assert.java:629)
at org.testng.Assert.assertEquals(Assert.java:639)
at com.regrssion.OrangeHRM.Pages.ClearTripPage.SelectFromCity(ClearTripPage.java:68)
at com.abhi.OrangeHRMTest.ClearTripTest.SelectCityDropDown(ClearTripTest.java:44)
at java.base/jdk.internal.reflect.NativeMethodAccessorImpl.invoke0(Native Method)
at java.base/jdk.internal.reflect.NativeMethodAccessorImpl.invoke(NativeMethodAccessorImpl.java:62)
at java.base/jdk.internal.reflect.DelegatingMethodAccessorImpl.invoke(DelegatingMethodAccessorImpl.java:43)
at java.base/java.lang.reflect.Method.invoke(Method.java:566)
at org.testng.internal.MethodInvocationHelper.invokeMethod(MethodInvocationHelper.java:133)
at org.testng.internal.TestInvoker.invokeMethod(TestInvoker.java:598)
at org.testng.internal.TestInvoker.invokeTestMethod(TestInvoker.java:173)
at org.testng.internal.MethodRunner.runInSequence(MethodRunner.java:46)
at org.testng.internal.TestInvoker$MethodInvocationAgent.invoke(TestInvoker.java:824)
at org.testng.internal.TestInvoker.invokeTestMethods(TestInvoker.java:146)
at org.testng.internal.TestMethodWorker.invokeTestMethods(TestMethodWorker.java:146)
at org.testng.internal.TestMethodWorker.run(TestMethodWorker.java:128)
at java.base/java.util.ArrayList.forEach(ArrayList.java:1540)
at org.testng.TestRunner.privateRun(TestRunner.java:794)
at org.testng.TestRunner.run(TestRunner.java:596)
at org.testng.SuiteRunner.runTest(SuiteRunner.java:377)
at org.testng.SuiteRunner.runSequentially(SuiteRunner.java:371)
at org.testng.SuiteRunner.privateRun(SuiteRunner.java:332)
at org.testng.SuiteRunner.run(SuiteRunner.java:276)
at org.testng.SuiteRunnerWorker.runSuite(SuiteRunnerWorker.java:53)
at org.testng.SuiteRunnerWorker.run(SuiteRunnerWorker.java:96)
at org.testng.TestNG.runSuitesSequentially(TestNG.java:1212)
at org.testng.TestNG.runSuitesLocally(TestNG.java:1134)
at org.testng.TestNG.runSuites(TestNG.java:1063)
at org.testng.TestNG.run(TestNG.java:1031)
at org.testng.remote.AbstractRemoteTestNG.run(AbstractRemoteTestNG.java:115)
at org.testng.remote.RemoteTestNG.initAndRun(RemoteTestNG.java:251)
at org.testng.remote.RemoteTestNG.main(RemoteTestNG.java:77)
]]>
            </full-stacktrace>
          </exception> <!-- java.lang.AssertionError -->
          <reporter-output>
          </reporter-output>
        </test-method> <!-- SelectCityDropDown -->
      </class> <!-- com.abhi.OrangeHRMTest.ClearTripTest -->
    </test> <!-- Test -->
  </suite> <!-- Suite -->
</testng-results>
